  Building Custom Rule H:/project/CMakeLists.txt
  Compiling CUDA source file ..\src\blur.cu...
  
  H:\project\build>"C:\Program Files\NVIDIA GPU Computing Toolkit\CUDA\v11.6\bin\nvcc.exe"  --use-local-env -ccbin "C:\Program Files (x86)\Microsoft Visual Studio\2019\Community\VC\Tools\MSVC\14.29.30133\bin\HostX64\x64" -x cu   -I"C:\Program Files\Python39\include" -I"C:\Program Files\NVIDIA GPU Computing Toolkit\CUDA\v11.6\include" -I"C:\ProgramData\NVIDIA Corporation\CUDA Samples\v10.1\common\inc" -IH:\project\extern -IC:\Users\xiz643\Downloads\opencv\build\include -I"C:\Program Files\NVIDIA GPU Computing Toolkit\CUDA\v11.6\include"     --keep-dir x64\Release  -maxrregcount=0  --machine 64 --compile -cudart static -std=c++14 -Xcompiler="/EHsc -Ob2"   -D_WINDOWS -DNDEBUG -DBUILD_THIRDPARTY:BOOL=ON -D"CMAKE_INTDIR=\"Release\"" -D_MBCS -DWIN32 -D_WINDOWS -DNDEBUG -DBUILD_THIRDPARTY:BOOL=ON -D"CMAKE_INTDIR=\"Release\"" -Xcompiler "/EHsc /W3 /nologo /O2 /Fdproject.dir\Release\vc142.pdb /FS   /MD /GR" -o project.dir\Release\blur.obj "H:\project\src\blur.cu" 
C:/Users/xiz643/Downloads/opencv/build/include\opencv2/stitching/detail/warpers.hpp(235): warning #611-D: overloaded virtual function "cv::detail::PlaneWarper::buildMaps" is only partially overridden in class "cv::detail::AffineWarper"
  
C:/Users/xiz643/Downloads/opencv/build/include\opencv2/stitching/detail/warpers.hpp(235): warning #611-D: overloaded virtual function "cv::detail::PlaneWarper::warp" is only partially overridden in class "cv::detail::AffineWarper"
  
C:/Users/xiz643/Downloads/opencv/build/include\opencv2/stitching/detail/matchers.hpp(182): warning #611-D: overloaded virtual function "cv::detail::FeaturesMatcher::match" is only partially overridden in class "cv::detail::BestOf2NearestMatcher"
  
C:/Users/xiz643/Downloads/opencv/build/include\opencv2/stitching/detail/matchers.hpp(236): warning #611-D: overloaded virtual function "cv::detail::FeaturesMatcher::match" is only partially overridden in class "cv::detail::AffineBestOf2NearestMatcher"
  
C:/Users/xiz643/Downloads/opencv/build/include\opencv2/stitching/detail/blenders.hpp(100): warning #611-D: overloaded virtual function "cv::detail::Blender::prepare" is only partially overridden in class "cv::detail::FeatherBlender"
  
C:/Users/xiz643/Downloads/opencv/build/include\opencv2/stitching/detail/blenders.hpp(127): warning #611-D: overloaded virtual function "cv::detail::Blender::prepare" is only partially overridden in class "cv::detail::MultiBandBlender"
  
C:/Users/xiz643/Downloads/opencv/build/include\opencv2/stitching/detail/warpers.hpp(235): warning #611-D: overloaded virtual function "cv::detail::PlaneWarper::buildMaps" is only partially overridden in class "cv::detail::AffineWarper"
  
C:/Users/xiz643/Downloads/opencv/build/include\opencv2/stitching/detail/warpers.hpp(235): warning #611-D: overloaded virtual function "cv::detail::PlaneWarper::warp" is only partially overridden in class "cv::detail::AffineWarper"
  
C:/Users/xiz643/Downloads/opencv/build/include\opencv2/stitching/detail/matchers.hpp(182): warning #611-D: overloaded virtual function "cv::detail::FeaturesMatcher::match" is only partially overridden in class "cv::detail::BestOf2NearestMatcher"
  
C:/Users/xiz643/Downloads/opencv/build/include\opencv2/stitching/detail/matchers.hpp(236): warning #611-D: overloaded virtual function "cv::detail::FeaturesMatcher::match" is only partially overridden in class "cv::detail::AffineBestOf2NearestMatcher"
  
C:/Users/xiz643/Downloads/opencv/build/include\opencv2/stitching/detail/blenders.hpp(100): warning #611-D: overloaded virtual function "cv::detail::Blender::prepare" is only partially overridden in class "cv::detail::FeatherBlender"
  
C:/Users/xiz643/Downloads/opencv/build/include\opencv2/stitching/detail/blenders.hpp(127): warning #611-D: overloaded virtual function "cv::detail::Blender::prepare" is only partially overridden in class "cv::detail::MultiBandBlender"
  
  blur.cu
H:\project\src\blur.cu(42): warning C4244: '=': conversion from 'double' to 'float', possible loss of data
H:\project\src\blur.cu(47): warning C4244: 'initializing': conversion from 'double' to 'float', possible loss of data
H:\project\src\blur.cu(86): warning C4996: 'cudaThreadSynchronize': was declared deprecated
  main.cpp
H:\project\src\main.cpp(32,57): warning C4244: '=': conversion from 'float' to '_Tp', possible loss of data
          with
          [
              _Tp=uchar
          ]
     Creating library H:/project/build/Release/project.lib and object H:/project/build/Release/project.exp
  project.vcxproj -> H:\project\build\Release\project.exe
