h:\cuda_image_processing\build\project.dir\release\main.obj
project.dir\release\blur.obj
h:\cuda_image_processing\build\cmakefiles\generate.stamp
h:\cuda_image_processing\build\release\project.exe
h:\cuda_image_processing\build\release\project.lib
h:\cuda_image_processing\build\release\project.exp
h:\cuda_image_processing\build\project.dir\release\blur.cu.cache
h:\cuda_image_processing\build\project.dir\release\blur.obj
h:\cuda_image_processing\build\project.dir\release\project.tlog\cl.command.1.tlog
h:\cuda_image_processing\build\project.dir\release\project.tlog\cl.read.1.tlog
h:\cuda_image_processing\build\project.dir\release\project.tlog\cl.write.1.tlog
h:\cuda_image_processing\build\project.dir\release\project.tlog\cudacompile.read.1u.tlog
h:\cuda_image_processing\build\project.dir\release\project.tlog\cudacompile.write.1u.tlog
h:\cuda_image_processing\build\project.dir\release\project.tlog\custombuild.command.1.tlog
h:\cuda_image_processing\build\project.dir\release\project.tlog\custombuild.read.1.tlog
h:\cuda_image_processing\build\project.dir\release\project.tlog\custombuild.write.1.tlog
h:\cuda_image_processing\build\project.dir\release\project.tlog\link.command.1.tlog
h:\cuda_image_processing\build\project.dir\release\project.tlog\link.read.1.tlog
h:\cuda_image_processing\build\project.dir\release\project.tlog\link.write.1.tlog
h:\cuda_image_processing\build\project.dir\release\project.tlog\project.write.1u.tlog
